TN:
SF:src\App.tsx
FN:16,App
FNF:1
FNH:0
FNDA:0,App
DA:7,0
DA:17,0
LF:2
LH:0
BRF:0
BRH:0
end_of_record
TN:
SF:src\components\CategoryChip.tsx
FN:25,CategoryChip
FNF:1
FNH:1
FNDA:101,CategoryChip
DA:11,4
DA:26,101
DA:27,101
LF:3
LH:3
BRF:0
BRH:0
end_of_record
TN:
SF:src\components\DeleteConfirmDialog.tsx
FN:19,DeleteConfirmDialog
FNF:1
FNH:1
FNDA:39,DeleteConfirmDialog
DA:20,39
LF:1
LH:1
BRDA:38,0,0,2
BRDA:38,0,1,37
BRDA:40,1,0,2
BRDA:40,1,1,37
BRF:4
BRH:4
end_of_record
TN:
SF:src\components\EmptyState.tsx
FN:9,EmptyState
FNF:1
FNH:1
FNDA:4,EmptyState
DA:10,4
LF:1
LH:1
BRF:0
BRH:0
end_of_record
TN:
SF:src\components\SearchBar.tsx
FN:5,SearchBar
FN:6,(anonymous_1)
FN:7,(anonymous_2)
FN:13,(anonymous_3)
FNF:4
FNH:4
FNDA:49,SearchBar
FNDA:172,(anonymous_1)
FNDA:172,(anonymous_2)
FNDA:21,(anonymous_3)
DA:6,172
DA:7,172
DA:9,49
DA:13,21
LF:4
LH:4
BRF:0
BRH:0
end_of_record
TN:
SF:src\components\StatusChip.tsx
FN:14,StatusChip
FNF:1
FNH:1
FNDA:97,StatusChip
DA:4,4
DA:15,97
DA:16,97
LF:3
LH:3
BRF:0
BRH:0
end_of_record
TN:
SF:src\components\TaskCard.tsx
FN:32,TaskCard
FN:65,(anonymous_1)
FN:74,(anonymous_2)
FN:83,(anonymous_3)
FN:109,(anonymous_4)
FN:114,(anonymous_5)
FNF:6
FNH:6
FNDA:94,TaskCard
FNDA:85,(anonymous_1)
FNDA:1,(anonymous_2)
FNDA:85,(anonymous_3)
FNDA:2,(anonymous_4)
FNDA:3,(anonymous_5)
DA:33,94
DA:34,94
DA:36,94
DA:65,85
DA:74,1
DA:84,85
DA:109,2
DA:114,3
LF:8
LH:8
BRDA:63,0,0,94
BRDA:63,0,1,35
BRDA:70,1,0,94
BRDA:70,1,1,35
BRDA:77,2,0,1
BRDA:77,2,1,34
BRDA:79,3,0,1
BRDA:79,3,1,34
BRDA:86,4,0,35
BRDA:86,4,1,50
BRDA:96,5,0,35
BRDA:96,5,1,50
BRDA:96,6,0,35
BRDA:96,6,1,50
BRF:14
BRH:14
end_of_record
TN:
SF:src\components\TaskFormDialog.tsx
FN:56,TaskFormDialog
FN:71,(anonymous_1)
FN:79,(anonymous_2)
FN:89,(anonymous_3)
FN:92,(anonymous_4)
FN:97,(anonymous_5)
FN:100,(anonymous_6)
FN:106,(anonymous_7)
FN:107,(anonymous_8)
FN:107,(anonymous_9)
FN:110,(anonymous_10)
FN:111,(anonymous_11)
FN:112,(anonymous_12)
FN:124,(anonymous_13)
FN:134,(anonymous_14)
FN:147,(anonymous_15)
FN:150,(anonymous_16)
FN:161,(anonymous_17)
FN:164,(anonymous_18)
FN:214,(anonymous_19)
FN:217,(anonymous_20)
FN:222,(anonymous_21)
FN:227,(anonymous_22)
FNF:23
FNH:13
FNDA:252,TaskFormDialog
FNDA:4,(anonymous_1)
FNDA:4,(anonymous_2)
FNDA:1,(anonymous_3)
FNDA:4,(anonymous_4)
FNDA:1,(anonymous_5)
FNDA:1,(anonymous_6)
FNDA:0,(anonymous_7)
FNDA:0,(anonymous_8)
FNDA:0,(anonymous_9)
FNDA:0,(anonymous_10)
FNDA:0,(anonymous_11)
FNDA:0,(anonymous_12)
FNDA:62,(anonymous_13)
FNDA:134,(anonymous_14)
FNDA:0,(anonymous_15)
FNDA:1764,(anonymous_16)
FNDA:0,(anonymous_17)
FNDA:756,(anonymous_18)
FNDA:4,(anonymous_19)
FNDA:4,(anonymous_20)
FNDA:0,(anonymous_21)
FNDA:0,(anonymous_22)
DA:32,2
DA:42,2
DA:57,252
DA:58,252
DA:59,252
DA:61,252
DA:62,252
DA:63,252
DA:64,252
DA:65,252
DA:66,252
DA:68,252
DA:69,252
DA:71,252
DA:72,4
DA:73,4
DA:74,4
DA:75,4
DA:76,4
DA:79,252
DA:80,4
DA:82,2
DA:83,0
DA:85,2
DA:89,252
DA:90,1
DA:91,1
DA:92,4
DA:97,1
DA:100,252
DA:101,1
DA:102,1
DA:103,1
DA:106,252
DA:107,0
DA:110,252
DA:111,0
DA:112,0
DA:116,252
DA:124,62
DA:134,134
DA:147,0
DA:151,1764
DA:161,0
DA:165,756
DA:214,4
DA:218,4
DA:222,0
DA:227,0
LF:49
LH:41
BRDA:61,0,0,252
BRDA:61,0,1,248
BRDA:62,1,0,252
BRDA:62,1,1,248
BRDA:63,2,0,252
BRDA:63,2,1,248
BRDA:64,3,0,252
BRDA:64,3,1,248
BRDA:65,4,0,252
BRDA:65,4,1,248
BRDA:73,5,0,1
BRDA:73,5,1,3
BRDA:74,6,0,2
BRDA:74,6,1,2
BRDA:80,7,0,2
BRDA:80,7,1,2
BRDA:82,8,0,0
BRDA:82,8,1,2
BRDA:82,9,0,2
BRDA:82,9,1,0
BRDA:90,10,0,0
BRDA:90,10,1,1
BRDA:101,11,0,0
BRDA:101,11,1,1
BRDA:101,12,0,1
BRDA:101,12,1,0
BRDA:112,13,0,0
BRDA:112,13,1,0
BRDA:118,14,0,4
BRDA:118,14,1,248
BRDA:173,15,0,252
BRDA:173,15,1,252
BRDA:184,16,0,1
BRDA:184,16,1,251
BRDA:186,17,0,252
BRDA:186,17,1,251
BRDA:188,18,0,1
BRDA:188,18,1,251
BRDA:194,19,0,1
BRDA:194,19,1,251
BRDA:196,20,0,252
BRDA:196,20,1,251
BRDA:196,20,2,98
BRDA:198,21,0,1
BRDA:198,21,1,251
BRDA:202,22,0,252
BRDA:202,22,1,107
BRDA:211,23,0,252
BRDA:211,23,1,1
BRDA:230,24,0,0
BRDA:230,24,1,4
BRDA:237,25,0,0
BRDA:237,25,1,4
BRDA:264,26,0,2
BRDA:264,26,1,250
BRDA:266,27,0,2
BRDA:266,27,1,250
BRDA:266,28,0,4
BRDA:266,28,1,246
BRF:59
BRH:50
end_of_record
TN:
SF:src\components\TaskList.tsx
FN:12,LoadingSkeleton
FN:15,(anonymous_1)
FN:29,TaskList
FN:34,(anonymous_3)
FNF:4
FNH:4
FNDA:12,LoadingSkeleton
FNDA:36,(anonymous_1)
FNDA:37,TaskList
FNDA:84,(anonymous_3)
DA:13,12
DA:16,36
DA:30,37
DA:32,25
DA:35,84
LF:5
LH:5
BRDA:30,0,0,12
BRDA:30,0,1,25
BRF:2
BRH:2
end_of_record
TN:
SF:src\config\env.ts
FN:13,getEnvVar
FNF:1
FNH:1
FNDA:60,getEnvVar
DA:14,60
DA:15,60
DA:16,0
DA:18,60
DA:21,15
LF:5
LH:4
BRDA:15,0,0,0
BRDA:15,0,1,60
BRDA:15,1,0,60
BRDA:15,1,1,60
BRF:4
BRH:3
end_of_record
TN:
SF:src\hooks\useAI.ts
FN:9,useAI
FN:11,(anonymous_1)
FN:15,(anonymous_2)
FNF:3
FNH:3
FNDA:256,useAI
FNDA:2,(anonymous_1)
FNDA:2,(anonymous_2)
DA:10,256
DA:11,2
DA:14,256
DA:16,2
DA:19,256
LF:5
LH:5
BRDA:22,0,0,256
BRDA:22,0,1,255
BRF:2
BRH:2
end_of_record
TN:
SF:src\hooks\useTaskFilters.ts
FN:8,useTaskFilters
FN:9,(anonymous_1)
FN:11,(anonymous_2)
FN:14,(anonymous_3)
FNF:4
FNH:4
FNDA:38,useTaskFilters
FNDA:127,(anonymous_1)
FNDA:33,(anonymous_2)
FNDA:57,(anonymous_3)
DA:9,127
DA:11,38
DA:12,33
DA:13,12
DA:14,12
DA:16,57
DA:22,38
LF:7
LH:7
BRDA:12,0,0,21
BRDA:12,0,1,12
BRDA:16,1,0,57
BRDA:16,1,1,44
BRDA:16,1,2,39
BRF:5
BRH:5
end_of_record
TN:
SF:src\hooks\useTasks.ts
FN:11,useTasks
FN:16,(anonymous_1)
FN:20,(anonymous_2)
FN:21,(anonymous_3)
FN:25,(anonymous_4)
FN:27,(anonymous_5)
FN:31,(anonymous_6)
FN:32,(anonymous_7)
FNF:8
FNH:6
FNDA:43,useTasks
FNDA:16,(anonymous_1)
FNDA:2,(anonymous_2)
FNDA:2,(anonymous_3)
FNDA:0,(anonymous_4)
FNDA:0,(anonymous_5)
FNDA:2,(anonymous_6)
FNDA:2,(anonymous_7)
DA:5,2
DA:12,43
DA:14,43
DA:16,16
DA:19,43
DA:20,2
DA:21,2
DA:24,43
DA:26,0
DA:27,0
DA:30,43
DA:31,2
DA:32,2
DA:35,43
DA:36,43
DA:38,43
LF:16
LH:14
BRDA:35,0,0,43
BRDA:35,0,1,14
BRDA:36,1,0,43
BRDA:36,1,1,29
BRF:4
BRH:4
end_of_record
TN:
SF:src\pages\TasksPage.tsx
FN:22,TasksPage
FN:34,(anonymous_1)
FN:36,(anonymous_2)
FN:41,(anonymous_3)
FN:58,(anonymous_4)
FN:69,(anonymous_5)
FN:74,(anonymous_6)
FN:76,(anonymous_7)
FN:114,(anonymous_8)
FN:123,(anonymous_9)
FN:144,(anonymous_10)
FN:152,(anonymous_11)
FN:152,(anonymous_12)
FN:155,(anonymous_13)
FN:155,(anonymous_14)
FNF:15
FNH:9
FNDA:33,TasksPage
FNDA:1,(anonymous_1)
FNDA:2,(anonymous_2)
FNDA:1,(anonymous_3)
FNDA:1,(anonymous_4)
FNDA:1,(anonymous_5)
FNDA:2,(anonymous_6)
FNDA:2,(anonymous_7)
FNDA:2,(anonymous_8)
FNDA:0,(anonymous_9)
FNDA:0,(anonymous_10)
FNDA:0,(anonymous_11)
FNDA:0,(anonymous_12)
FNDA:0,(anonymous_13)
FNDA:0,(anonymous_14)
DA:23,33
DA:24,33
DA:25,33
DA:27,33
DA:28,33
DA:34,33
DA:36,33
DA:37,2
DA:40,33
DA:42,1
DA:43,1
DA:44,0
DA:45,0
DA:47,1
DA:48,1
DA:50,1
DA:52,0
DA:58,33
DA:59,1
DA:60,1
DA:61,1
DA:62,1
DA:63,1
DA:65,0
DA:69,33
DA:70,1
DA:74,33
DA:76,2
DA:77,2
DA:82,33
DA:114,2
DA:123,0
DA:144,0
DA:152,0
DA:155,0
LF:35
LH:27
BRDA:34,0,0,1
BRDA:34,0,1,32
BRDA:34,1,0,1
BRDA:34,1,1,0
BRDA:36,2,0,2
BRDA:43,3,0,0
BRDA:43,3,1,1
BRDA:59,4,0,0
BRDA:59,4,1,1
BRDA:77,5,0,2
BRDA:77,5,1,0
BRDA:93,6,0,33
BRDA:93,6,1,0
BRDA:99,7,0,33
BRDA:99,7,1,33
BRDA:122,8,0,0
BRDA:122,8,1,33
BRDA:138,9,0,33
BRDA:138,9,1,32
BRDA:143,10,0,33
BRDA:143,10,1,30
BRF:21
BRH:15
end_of_record
TN:
SF:src\services\ai.service.ts
FN:16,(anonymous_0)
FN:24,(anonymous_1)
FNF:2
FNH:2
FNDA:8,(anonymous_0)
FNDA:11,(anonymous_1)
DA:17,8
DA:21,8
DA:25,11
DA:29,10
DA:33,5
LF:5
LH:5
BRF:0
BRH:0
end_of_record
TN:
SF:src\services\http.client.ts
FNF:0
FNH:0
DA:8,6
LF:1
LH:1
BRF:0
BRH:0
end_of_record
TN:
SF:src\services\task.repository.ts
FNF:0
FNH:0
LF:0
LH:0
BRF:0
BRH:0
end_of_record
TN:
SF:src\services\task.service.ts
FN:10,(anonymous_0)
FN:15,(anonymous_1)
FN:20,(anonymous_2)
FN:25,(anonymous_3)
FN:30,(anonymous_4)
FNF:5
FNH:5
FNDA:25,(anonymous_0)
FNDA:3,(anonymous_1)
FNDA:6,(anonymous_2)
FNDA:2,(anonymous_3)
FNDA:4,(anonymous_4)
DA:11,25
DA:12,24
DA:16,3
DA:17,2
DA:21,6
DA:22,5
DA:26,2
DA:27,2
DA:31,4
DA:35,4
LF:10
LH:10
BRF:0
BRH:0
end_of_record
TN:
SF:src\store\ui.store.ts
FN:12,(anonymous_0)
FN:17,(anonymous_1)
FN:20,(anonymous_2)
FN:23,(anonymous_3)
FNF:4
FNH:4
FNDA:4,(anonymous_0)
FNDA:6,(anonymous_1)
FNDA:2,(anonymous_2)
FNDA:24,(anonymous_3)
DA:12,4
DA:18,6
DA:21,2
DA:24,24
LF:4
LH:4
BRDA:18,0,0,6
BRDA:18,0,1,3
BRF:2
BRH:2
end_of_record
TN:
SF:src\theme\theme.ts
FNF:0
FNH:0
DA:3,9
LF:1
LH:1
BRF:0
BRH:0
end_of_record
TN:
SF:src\types\task.types.ts
FNF:0
FNH:0
LF:0
LH:0
BRF:0
BRH:0
end_of_record
